Sat Mar 12 18:49:17 EST 2022
    Finished bench [optimized] target(s) in 0.02s
Benchmarking Algorithms/Levenshtein
Benchmarking Algorithms/Levenshtein: Warming up for 3.0000 s
Benchmarking Algorithms/Levenshtein: Collecting 100000 samples in estimated 5.0117 s (42600000 iterations)
Benchmarking Algorithms/Levenshtein: Analyzing
Algorithms/Levenshtein  time:   [119.40 ns 119.43 ns 119.46 ns]
                        change: [-1.1561% -1.1105% -1.0684%] (p = 0.00 < 0.01)
                        Performance has improved.
Found 5016 outliers among 100000 measurements (5.02%)
  2978 (2.98%) high mild
  2038 (2.04%) high severe
mean   [119.40 ns 119.46 ns] std. dev.      [4.7238 ns 5.3332 ns]
median [117.47 ns 117.57 ns] med. abs. dev. [1.0128 ns 1.0162 ns]
Benchmarking Algorithms/Jaro-Winkler
Benchmarking Algorithms/Jaro-Winkler: Warming up for 3.0000 s
Benchmarking Algorithms/Jaro-Winkler: Collecting 100000 samples in estimated 5.0061 s (65400000 iterations)
Benchmarking Algorithms/Jaro-Winkler: Analyzing
Algorithms/Jaro-Winkler time:   [77.223 ns 77.245 ns 77.268 ns]
                        change: [-1.4888% -1.4492% -1.4070%] (p = 0.00 < 0.01)
                        Performance has improved.
Found 21578 outliers among 100000 measurements (21.58%)
  16808 (16.81%) high mild
  4770 (4.77%) high severe
mean   [77.223 ns 77.268 ns] std. dev.      [3.3814 ns 3.8616 ns]
median [76.006 ns 76.006 ns] med. abs. dev. [378.58 ps 378.58 ps]
Benchmarking Algorithms/Damerau-Levenshtein
Benchmarking Algorithms/Damerau-Levenshtein: Warming up for 3.0000 s
Benchmarking Algorithms/Damerau-Levenshtein: Collecting 100000 samples in estimated 5.0797 s (3400000 iterations)
Benchmarking Algorithms/Damerau-Levenshtein: Analyzing
Algorithms/Damerau-Levenshtein
                        time:   [1.5126 us 1.5130 us 1.5133 us]
                        change: [-0.4799% -0.4418% -0.4048%] (p = 0.00 < 0.01)
                        Change within noise threshold.
Found 6406 outliers among 100000 measurements (6.41%)
  75 (0.07%) low severe
  65 (0.07%) low mild
  1656 (1.66%) high mild
  4610 (4.61%) high severe
mean   [1.5126 us 1.5133 us] std. dev.      [51.840 ns 62.471 ns]
median [1.5049 us 1.5049 us] med. abs. dev. [16.352 ns 16.352 ns]
Benchmarking Algorithms/Sorensen-Dice
Benchmarking Algorithms/Sorensen-Dice: Warming up for 3.0000 s
Benchmarking Algorithms/Sorensen-Dice: Collecting 100000 samples in estimated 5.0401 s (9900000 iterations)
Benchmarking Algorithms/Sorensen-Dice: Analyzing
Algorithms/Sorensen-Dice
                        time:   [505.87 ns 506.03 ns 506.20 ns]
                        change: [-1.1647% -1.1077% -1.0496%] (p = 0.00 < 0.01)
                        Performance has improved.
Found 1864 outliers among 100000 measurements (1.86%)
  1192 (1.19%) low mild
  370 (0.37%) high mild
  302 (0.30%) high severe
mean   [505.87 ns 506.20 ns] std. dev.      [25.310 ns 28.090 ns]
median [505.46 ns 505.46 ns] med. abs. dev. [20.592 ns 21.206 ns]
Benchmarking Algorithms/Optimal String Alignment
Benchmarking Algorithms/Optimal String Alignment: Warming up for 3.0000 s
Benchmarking Algorithms/Optimal String Alignment: Collecting 100000 samples in estimated 5.0048 s (17800000 iterations)
Benchmarking Algorithms/Optimal String Alignment: Analyzing
Algorithms/Optimal String Alignment
                        time:   [283.11 ns 283.15 ns 283.20 ns]
                        change: [-0.5399% -0.5071% -0.4746%] (p = 0.00 < 0.01)
                        Change within noise threshold.
Found 11932 outliers among 100000 measurements (11.93%)
  1615 (1.61%) low severe
  7334 (7.33%) low mild
  846 (0.85%) high mild
  2137 (2.14%) high severe
mean   [283.11 ns 283.20 ns] std. dev.      [5.7447 ns 8.3526 ns]
median [282.77 ns 282.77 ns] med. abs. dev. [691.32 ps 691.32 ps]

==========================================================
