#1 [internal] load build definition from Dockerfile
#1 sha256:c38f7c8ea54f2d6f9241657c4ee7ff42118d56100c91ea1d0854823c8608383e
#1 transferring dockerfile: 145B done
#1 DONE 0.0s

#2 [internal] load .dockerignore
#2 sha256:6e3f979369a6ecd563a0df5f9055550786ac024d4a185c62305762dd4cb86384
#2 transferring context: 2B done
#2 DONE 0.0s

#3 [internal] load metadata for docker.io/library/golang:1.17
#3 sha256:a8d36e23da49969be5d656c7300d537851e0eef6125676d0e37aa444192aedd8
#3 ...

#4 [auth] library/golang:pull token for registry-1.docker.io
#4 sha256:3a236eacd19fe352089a36bcd8c82b7cecb3ea38c98086e5cf2e0b3b73e83fbd
#4 DONE 0.0s

#3 [internal] load metadata for docker.io/library/golang:1.17
#3 sha256:a8d36e23da49969be5d656c7300d537851e0eef6125676d0e37aa444192aedd8
#3 DONE 1.4s

#8 [internal] load build context
#8 sha256:377b408717e79ff9dcb137c688b7238d13ba7485302cd646853f71245dcb80a3
#8 transferring context: 3.38kB done
#8 DONE 0.0s

#7 [1/3] FROM docker.io/library/golang:1.17@sha256:c7c94588b6445f5254fbc34df941afa10de04706deb330e62831740c9f0f2030
#7 sha256:c0f33febc323db9172f6cf2c0f03e620229d84f37720685f3abcd06a9c02d41b
#7 resolve docker.io/library/golang:1.17@sha256:c7c94588b6445f5254fbc34df941afa10de04706deb330e62831740c9f0f2030 done
#7 sha256:d80e32befb841fa5525c17e346f26c95a9396bb65ca8a85c30c7949d7f9081d4 1.80kB / 1.80kB done
#7 sha256:c7869242ae9abf6340558e18846f64a05eb06f2eaf66c6bfa2dc66ff2c997976 0B / 53.61MB 0.1s
#7 sha256:9880592b351f34fa791bd7749a127063cd6a76b1190bd059c168696d700f6b04 0B / 5.14MB 0.1s
#7 sha256:c7c94588b6445f5254fbc34df941afa10de04706deb330e62831740c9f0f2030 2.35kB / 2.35kB done
#7 sha256:7b3ca1a8bf94691e70f0b1c15456c9a289fea29d6a42209904d36338ae46e1f7 7.06kB / 7.06kB done
#7 sha256:fdd9934a374f1ba93d2da0983d2aac86c9b4bf6ca063aa108519d2588e0212ac 0B / 10.66MB 0.1s
#7 sha256:c7869242ae9abf6340558e18846f64a05eb06f2eaf66c6bfa2dc66ff2c997976 5.24MB / 53.61MB 0.4s
#7 sha256:fdd9934a374f1ba93d2da0983d2aac86c9b4bf6ca063aa108519d2588e0212ac 2.10MB / 10.66MB 0.5s
#7 sha256:c7869242ae9abf6340558e18846f64a05eb06f2eaf66c6bfa2dc66ff2c997976 9.44MB / 53.61MB 0.6s
#7 sha256:fdd9934a374f1ba93d2da0983d2aac86c9b4bf6ca063aa108519d2588e0212ac 4.19MB / 10.66MB 0.6s
#7 sha256:c7869242ae9abf6340558e18846f64a05eb06f2eaf66c6bfa2dc66ff2c997976 12.58MB / 53.61MB 0.8s
#7 sha256:9880592b351f34fa791bd7749a127063cd6a76b1190bd059c168696d700f6b04 2.10MB / 5.14MB 0.8s
#7 sha256:fdd9934a374f1ba93d2da0983d2aac86c9b4bf6ca063aa108519d2588e0212ac 7.34MB / 10.66MB 0.8s
#7 sha256:9880592b351f34fa791bd7749a127063cd6a76b1190bd059c168696d700f6b04 4.19MB / 5.14MB 0.9s
#7 sha256:fdd9934a374f1ba93d2da0983d2aac86c9b4bf6ca063aa108519d2588e0212ac 10.66MB / 10.66MB 0.9s done
#7 sha256:f37be3698694527b9e5af78494bbcb68f6b045af5247de8c988b24ef7dcd877e 0B / 54.67MB 0.9s
#7 sha256:c7869242ae9abf6340558e18846f64a05eb06f2eaf66c6bfa2dc66ff2c997976 17.83MB / 53.61MB 1.0s
#7 sha256:c7869242ae9abf6340558e18846f64a05eb06f2eaf66c6bfa2dc66ff2c997976 23.07MB / 53.61MB 1.2s
#7 sha256:c7869242ae9abf6340558e18846f64a05eb06f2eaf66c6bfa2dc66ff2c997976 28.31MB / 53.61MB 1.3s
#7 sha256:c7869242ae9abf6340558e18846f64a05eb06f2eaf66c6bfa2dc66ff2c997976 32.51MB / 53.61MB 1.5s
#7 sha256:9880592b351f34fa791bd7749a127063cd6a76b1190bd059c168696d700f6b04 5.14MB / 5.14MB 1.5s done
#7 sha256:f37be3698694527b9e5af78494bbcb68f6b045af5247de8c988b24ef7dcd877e 8.39MB / 54.67MB 1.5s
#7 sha256:1de0634a187f2a5eafe92e5c690219dc718710435d988d4ba609487163ae4b01 0B / 81.02MB 1.5s
#7 sha256:c7869242ae9abf6340558e18846f64a05eb06f2eaf66c6bfa2dc66ff2c997976 35.65MB / 53.61MB 1.6s
#7 sha256:c7869242ae9abf6340558e18846f64a05eb06f2eaf66c6bfa2dc66ff2c997976 39.85MB / 53.61MB 1.8s
#7 sha256:f37be3698694527b9e5af78494bbcb68f6b045af5247de8c988b24ef7dcd877e 12.58MB / 54.67MB 1.8s
#7 sha256:c7869242ae9abf6340558e18846f64a05eb06f2eaf66c6bfa2dc66ff2c997976 42.99MB / 53.61MB 1.9s
#7 sha256:f37be3698694527b9e5af78494bbcb68f6b045af5247de8c988b24ef7dcd877e 15.73MB / 54.67MB 1.9s
#7 sha256:c7869242ae9abf6340558e18846f64a05eb06f2eaf66c6bfa2dc66ff2c997976 46.14MB / 53.61MB 2.2s
#7 sha256:f37be3698694527b9e5af78494bbcb68f6b045af5247de8c988b24ef7dcd877e 22.02MB / 54.67MB 2.2s
#7 sha256:c7869242ae9abf6340558e18846f64a05eb06f2eaf66c6bfa2dc66ff2c997976 50.33MB / 53.61MB 2.4s
#7 sha256:f37be3698694527b9e5af78494bbcb68f6b045af5247de8c988b24ef7dcd877e 26.21MB / 54.67MB 2.4s
#7 sha256:1de0634a187f2a5eafe92e5c690219dc718710435d988d4ba609487163ae4b01 5.24MB / 81.02MB 2.4s
#7 sha256:c7869242ae9abf6340558e18846f64a05eb06f2eaf66c6bfa2dc66ff2c997976 53.48MB / 53.61MB 2.5s
#7 sha256:f37be3698694527b9e5af78494bbcb68f6b045af5247de8c988b24ef7dcd877e 29.36MB / 54.67MB 2.5s
#7 sha256:c7869242ae9abf6340558e18846f64a05eb06f2eaf66c6bfa2dc66ff2c997976 53.61MB / 53.61MB 2.5s done
#7 sha256:f37be3698694527b9e5af78494bbcb68f6b045af5247de8c988b24ef7dcd877e 35.65MB / 54.67MB 2.7s
#7 sha256:435575062b5a88abe63bbad5eb8586be1b08a7e779bac3f30a873481fc0b2f6e 0B / 102.69MB 2.7s
#7 extracting sha256:c7869242ae9abf6340558e18846f64a05eb06f2eaf66c6bfa2dc66ff2c997976
#7 sha256:f37be3698694527b9e5af78494bbcb68f6b045af5247de8c988b24ef7dcd877e 38.80MB / 54.67MB 2.8s
#7 sha256:1de0634a187f2a5eafe92e5c690219dc718710435d988d4ba609487163ae4b01 9.44MB / 81.02MB 2.8s
#7 sha256:f37be3698694527b9e5af78494bbcb68f6b045af5247de8c988b24ef7dcd877e 41.94MB / 54.67MB 3.0s
#7 sha256:435575062b5a88abe63bbad5eb8586be1b08a7e779bac3f30a873481fc0b2f6e 5.24MB / 102.69MB 3.1s
#7 sha256:f37be3698694527b9e5af78494bbcb68f6b045af5247de8c988b24ef7dcd877e 45.09MB / 54.67MB 3.2s
#7 sha256:f37be3698694527b9e5af78494bbcb68f6b045af5247de8c988b24ef7dcd877e 48.23MB / 54.67MB 3.3s
#7 sha256:1de0634a187f2a5eafe92e5c690219dc718710435d988d4ba609487163ae4b01 13.63MB / 81.02MB 3.3s
#7 sha256:435575062b5a88abe63bbad5eb8586be1b08a7e779bac3f30a873481fc0b2f6e 10.49MB / 102.69MB 3.4s
#7 sha256:f37be3698694527b9e5af78494bbcb68f6b045af5247de8c988b24ef7dcd877e 52.43MB / 54.67MB 3.5s
#7 sha256:1de0634a187f2a5eafe92e5c690219dc718710435d988d4ba609487163ae4b01 19.92MB / 81.02MB 3.8s
#7 sha256:435575062b5a88abe63bbad5eb8586be1b08a7e779bac3f30a873481fc0b2f6e 15.73MB / 102.69MB 3.8s
#7 sha256:1de0634a187f2a5eafe92e5c690219dc718710435d988d4ba609487163ae4b01 24.12MB / 81.02MB 4.1s
#7 sha256:435575062b5a88abe63bbad5eb8586be1b08a7e779bac3f30a873481fc0b2f6e 20.97MB / 102.69MB 4.1s
#7 extracting sha256:c7869242ae9abf6340558e18846f64a05eb06f2eaf66c6bfa2dc66ff2c997976 1.8s done
#7 sha256:1de0634a187f2a5eafe92e5c690219dc718710435d988d4ba609487163ae4b01 28.31MB / 81.02MB 4.4s
#7 sha256:435575062b5a88abe63bbad5eb8586be1b08a7e779bac3f30a873481fc0b2f6e 26.21MB / 102.69MB 4.4s
#7 extracting sha256:9880592b351f34fa791bd7749a127063cd6a76b1190bd059c168696d700f6b04
#7 sha256:f37be3698694527b9e5af78494bbcb68f6b045af5247de8c988b24ef7dcd877e 54.67MB / 54.67MB 4.5s done
#7 sha256:b8a0fbe4cf621d1ea82bfa148b3e0b5c4202ae9018dda6e075ef7c381daae103 0B / 126B 4.5s
#7 sha256:1de0634a187f2a5eafe92e5c690219dc718710435d988d4ba609487163ae4b01 33.55MB / 81.02MB 4.7s
#7 sha256:435575062b5a88abe63bbad5eb8586be1b08a7e779bac3f30a873481fc0b2f6e 32.51MB / 102.69MB 4.7s
#7 extracting sha256:9880592b351f34fa791bd7749a127063cd6a76b1190bd059c168696d700f6b04 0.2s done
#7 sha256:b8a0fbe4cf621d1ea82bfa148b3e0b5c4202ae9018dda6e075ef7c381daae103 126B / 126B 4.6s done
#7 extracting sha256:fdd9934a374f1ba93d2da0983d2aac86c9b4bf6ca063aa108519d2588e0212ac 0.1s
#7 sha256:1de0634a187f2a5eafe92e5c690219dc718710435d988d4ba609487163ae4b01 38.80MB / 81.02MB 5.0s
#7 sha256:435575062b5a88abe63bbad5eb8586be1b08a7e779bac3f30a873481fc0b2f6e 38.80MB / 102.69MB 5.0s
#7 extracting sha256:fdd9934a374f1ba93d2da0983d2aac86c9b4bf6ca063aa108519d2588e0212ac 0.2s done
#7 extracting sha256:f37be3698694527b9e5af78494bbcb68f6b045af5247de8c988b24ef7dcd877e
#7 sha256:1de0634a187f2a5eafe92e5c690219dc718710435d988d4ba609487163ae4b01 44.04MB / 81.02MB 5.3s
#7 sha256:435575062b5a88abe63bbad5eb8586be1b08a7e779bac3f30a873481fc0b2f6e 44.04MB / 102.69MB 5.3s
#7 sha256:1de0634a187f2a5eafe92e5c690219dc718710435d988d4ba609487163ae4b01 49.28MB / 81.02MB 5.6s
#7 sha256:435575062b5a88abe63bbad5eb8586be1b08a7e779bac3f30a873481fc0b2f6e 50.33MB / 102.69MB 5.6s
#7 sha256:1de0634a187f2a5eafe92e5c690219dc718710435d988d4ba609487163ae4b01 56.62MB / 81.02MB 6.0s
#7 sha256:435575062b5a88abe63bbad5eb8586be1b08a7e779bac3f30a873481fc0b2f6e 56.62MB / 102.69MB 6.0s
#7 sha256:1de0634a187f2a5eafe92e5c690219dc718710435d988d4ba609487163ae4b01 60.82MB / 81.02MB 6.2s
#7 sha256:435575062b5a88abe63bbad5eb8586be1b08a7e779bac3f30a873481fc0b2f6e 62.91MB / 102.69MB 6.3s
#7 sha256:1de0634a187f2a5eafe92e5c690219dc718710435d988d4ba609487163ae4b01 66.06MB / 81.02MB 6.5s
#7 sha256:435575062b5a88abe63bbad5eb8586be1b08a7e779bac3f30a873481fc0b2f6e 68.16MB / 102.69MB 6.5s
#7 sha256:1de0634a187f2a5eafe92e5c690219dc718710435d988d4ba609487163ae4b01 72.35MB / 81.02MB 6.9s
#7 sha256:435575062b5a88abe63bbad5eb8586be1b08a7e779bac3f30a873481fc0b2f6e 73.40MB / 102.69MB 6.9s
#7 extracting sha256:f37be3698694527b9e5af78494bbcb68f6b045af5247de8c988b24ef7dcd877e 1.9s done
#7 sha256:1de0634a187f2a5eafe92e5c690219dc718710435d988d4ba609487163ae4b01 78.64MB / 81.02MB 7.2s
#7 sha256:435575062b5a88abe63bbad5eb8586be1b08a7e779bac3f30a873481fc0b2f6e 80.74MB / 102.69MB 7.2s
#7 extracting sha256:1de0634a187f2a5eafe92e5c690219dc718710435d988d4ba609487163ae4b01
#7 sha256:1de0634a187f2a5eafe92e5c690219dc718710435d988d4ba609487163ae4b01 81.02MB / 81.02MB 7.3s done
#7 sha256:435575062b5a88abe63bbad5eb8586be1b08a7e779bac3f30a873481fc0b2f6e 85.98MB / 102.69MB 7.5s
#7 sha256:435575062b5a88abe63bbad5eb8586be1b08a7e779bac3f30a873481fc0b2f6e 91.23MB / 102.69MB 7.7s
#7 sha256:435575062b5a88abe63bbad5eb8586be1b08a7e779bac3f30a873481fc0b2f6e 96.47MB / 102.69MB 7.9s
#7 sha256:435575062b5a88abe63bbad5eb8586be1b08a7e779bac3f30a873481fc0b2f6e 102.69MB / 102.69MB 8.2s
#7 sha256:435575062b5a88abe63bbad5eb8586be1b08a7e779bac3f30a873481fc0b2f6e 102.69MB / 102.69MB 8.2s done
#7 extracting sha256:1de0634a187f2a5eafe92e5c690219dc718710435d988d4ba609487163ae4b01 1.9s done
#7 extracting sha256:435575062b5a88abe63bbad5eb8586be1b08a7e779bac3f30a873481fc0b2f6e
#7 extracting sha256:435575062b5a88abe63bbad5eb8586be1b08a7e779bac3f30a873481fc0b2f6e 2.5s done
#7 extracting sha256:b8a0fbe4cf621d1ea82bfa148b3e0b5c4202ae9018dda6e075ef7c381daae103 done
#7 DONE 12.1s

#5 [2/3] WORKDIR /go-app
#5 sha256:87f5fcddac8d84b5f5fb7eee0d94d1c3f56afa4a193f026497a4181f6610904c
#5 DONE 0.3s

#6 [3/3] COPY . .
#6 sha256:892783d093dceea79c05431895e623e2aad886eee7edf71571351ee18285b7f5
#6 DONE 0.0s

#9 exporting to image
#9 sha256:e8c613e07b0b7ff33893b694f7759a10d42e180f2b4dc349fb57dc6b71dcab00
#9 exporting layers 0.0s done
#9 writing image sha256:49df970d80fc522c3b8a266289dd78aad32cc4f04ab2bb3dc5623c674db79659 done
#9 naming to docker.io/library/go-benchmarks done
#9 DONE 0.0s

Use 'docker scan' to run Snyk tests against images to find vulnerabilities and learn how to fix them
#1 [internal] load build definition from Dockerfile
#1 sha256:668e9a51277febccba5e49dfd16b1f99846d4e4c23b565a62c0e1079153159c9
#1 transferring dockerfile: 253B done
#1 DONE 0.0s

#2 [internal] load .dockerignore
#2 sha256:883cfb2e9e301b60f323a7b61ac038ac5d970a9a473cabce9386d487ed3cbc02
#2 transferring context: 2B done
#2 DONE 0.0s

#3 [internal] load metadata for docker.io/library/python:3.10
#3 sha256:2edb73425ca40b716f8728c69772dc94d86d82fc698352737aa9bad7aafc63b3
#3 ...

#4 [auth] library/python:pull token for registry-1.docker.io
#4 sha256:e13716225613fd3451ad5a83cb967f6cc556d1274b98d0caeb84cdd3c523417c
#4 DONE 0.0s

#3 [internal] load metadata for docker.io/library/python:3.10
#3 sha256:2edb73425ca40b716f8728c69772dc94d86d82fc698352737aa9bad7aafc63b3
#3 DONE 1.3s

#5 [1/6] FROM docker.io/library/python:3.10@sha256:7442fef9b89defeea894a712726c03cbaeda7c0735397ad5884a8cdc7892c992
#5 sha256:c60770f10426c28e7c499f1d90edf84fd577e8ada4a3a9681f2f4f7f31f51d20
#5 resolve docker.io/library/python:3.10@sha256:7442fef9b89defeea894a712726c03cbaeda7c0735397ad5884a8cdc7892c992 done
#5 sha256:617d9386734a3c78a9c1504250da962dc923457cd7dc5c2cbb84bff921ee9ed1 8.57kB / 8.57kB done
#5 sha256:f647082b1f86e0982b9174fdfdb74d2227ad7af38c7d40cfe73b7cc05bda9374 0B / 6.16MB 0.2s
#5 sha256:7442fef9b89defeea894a712726c03cbaeda7c0735397ad5884a8cdc7892c992 2.14kB / 2.14kB done
#5 sha256:f6c5c30498ff38683ff1e4a3726ab933abfb570cd1689ac6aa334fe27638a47e 2.22kB / 2.22kB done
#5 sha256:f0114055f52827672e3495f97e896d211722fa63e0106629fc5649d5d92a5e34 0B / 189.42MB 0.2s
#5 sha256:8cbb33dd8cb34ddfc7377f6e3dfc6179aa7b9f04a3733a156e21295d5d932034 0B / 19.30MB 0.2s
#5 sha256:8cbb33dd8cb34ddfc7377f6e3dfc6179aa7b9f04a3733a156e21295d5d932034 1.05MB / 19.30MB 0.3s
#5 sha256:8cbb33dd8cb34ddfc7377f6e3dfc6179aa7b9f04a3733a156e21295d5d932034 5.24MB / 19.30MB 0.4s
#5 sha256:f647082b1f86e0982b9174fdfdb74d2227ad7af38c7d40cfe73b7cc05bda9374 1.05MB / 6.16MB 0.5s
#5 sha256:8cbb33dd8cb34ddfc7377f6e3dfc6179aa7b9f04a3733a156e21295d5d932034 7.34MB / 19.30MB 0.5s
#5 sha256:f647082b1f86e0982b9174fdfdb74d2227ad7af38c7d40cfe73b7cc05bda9374 4.19MB / 6.16MB 0.7s
#5 sha256:8cbb33dd8cb34ddfc7377f6e3dfc6179aa7b9f04a3733a156e21295d5d932034 10.49MB / 19.30MB 0.7s
#5 sha256:f647082b1f86e0982b9174fdfdb74d2227ad7af38c7d40cfe73b7cc05bda9374 6.16MB / 6.16MB 0.8s
#5 sha256:8cbb33dd8cb34ddfc7377f6e3dfc6179aa7b9f04a3733a156e21295d5d932034 13.63MB / 19.30MB 0.8s
#5 sha256:f647082b1f86e0982b9174fdfdb74d2227ad7af38c7d40cfe73b7cc05bda9374 6.16MB / 6.16MB 0.8s done
#5 sha256:8cbb33dd8cb34ddfc7377f6e3dfc6179aa7b9f04a3733a156e21295d5d932034 17.83MB / 19.30MB 0.9s
#5 sha256:d9268cc2bfc4174ca4335a80818e2a4ca7aa68e509efe44baa5646f4597bb28f 0B / 236B 0.9s
#5 sha256:8cbb33dd8cb34ddfc7377f6e3dfc6179aa7b9f04a3733a156e21295d5d932034 19.30MB / 19.30MB 1.0s done
#5 sha256:d9268cc2bfc4174ca4335a80818e2a4ca7aa68e509efe44baa5646f4597bb28f 236B / 236B 0.9s done
#5 sha256:31438ce367b43795a2f315445b7c1b6367f5564e26f5c05861995fb56aaf3f7f 0B / 2.87MB 1.0s
#5 sha256:f0114055f52827672e3495f97e896d211722fa63e0106629fc5649d5d92a5e34 10.49MB / 189.42MB 1.1s
#5 sha256:f0114055f52827672e3495f97e896d211722fa63e0106629fc5649d5d92a5e34 22.02MB / 189.42MB 1.4s
#5 sha256:31438ce367b43795a2f315445b7c1b6367f5564e26f5c05861995fb56aaf3f7f 2.87MB / 2.87MB 1.3s done
#5 sha256:f0114055f52827672e3495f97e896d211722fa63e0106629fc5649d5d92a5e34 36.70MB / 189.42MB 1.7s
#5 sha256:f0114055f52827672e3495f97e896d211722fa63e0106629fc5649d5d92a5e34 49.28MB / 189.42MB 2.0s
#5 sha256:f0114055f52827672e3495f97e896d211722fa63e0106629fc5649d5d92a5e34 63.96MB / 189.42MB 2.3s
#5 ...

#8 [internal] load build context
#8 sha256:781681d515ea2271829d0b498966f7607b9b82d4b8594be8a5c84148021d19e4
#8 transferring context: 38.24MB 2.3s done
#8 DONE 2.3s

#5 [1/6] FROM docker.io/library/python:3.10@sha256:7442fef9b89defeea894a712726c03cbaeda7c0735397ad5884a8cdc7892c992
#5 sha256:c60770f10426c28e7c499f1d90edf84fd577e8ada4a3a9681f2f4f7f31f51d20
#5 sha256:f0114055f52827672e3495f97e896d211722fa63e0106629fc5649d5d92a5e34 79.69MB / 189.42MB 2.7s
#5 sha256:f0114055f52827672e3495f97e896d211722fa63e0106629fc5649d5d92a5e34 91.23MB / 189.42MB 2.9s
#5 sha256:f0114055f52827672e3495f97e896d211722fa63e0106629fc5649d5d92a5e34 102.76MB / 189.42MB 3.4s
#5 sha256:f0114055f52827672e3495f97e896d211722fa63e0106629fc5649d5d92a5e34 113.25MB / 189.42MB 3.7s
#5 sha256:f0114055f52827672e3495f97e896d211722fa63e0106629fc5649d5d92a5e34 124.78MB / 189.42MB 4.1s
#5 sha256:f0114055f52827672e3495f97e896d211722fa63e0106629fc5649d5d92a5e34 136.31MB / 189.42MB 4.5s
#5 sha256:f0114055f52827672e3495f97e896d211722fa63e0106629fc5649d5d92a5e34 148.90MB / 189.42MB 4.9s
#5 sha256:f0114055f52827672e3495f97e896d211722fa63e0106629fc5649d5d92a5e34 164.63MB / 189.42MB 5.4s
#5 sha256:f0114055f52827672e3495f97e896d211722fa63e0106629fc5649d5d92a5e34 180.36MB / 189.42MB 5.9s
#5 sha256:f0114055f52827672e3495f97e896d211722fa63e0106629fc5649d5d92a5e34 189.42MB / 189.42MB 6.2s done
#5 extracting sha256:f0114055f52827672e3495f97e896d211722fa63e0106629fc5649d5d92a5e34
#5 extracting sha256:f0114055f52827672e3495f97e896d211722fa63e0106629fc5649d5d92a5e34 4.2s done
#5 extracting sha256:f647082b1f86e0982b9174fdfdb74d2227ad7af38c7d40cfe73b7cc05bda9374
#5 extracting sha256:f647082b1f86e0982b9174fdfdb74d2227ad7af38c7d40cfe73b7cc05bda9374 0.2s done
#5 extracting sha256:8cbb33dd8cb34ddfc7377f6e3dfc6179aa7b9f04a3733a156e21295d5d932034
#5 extracting sha256:8cbb33dd8cb34ddfc7377f6e3dfc6179aa7b9f04a3733a156e21295d5d932034 0.5s done
#5 extracting sha256:d9268cc2bfc4174ca4335a80818e2a4ca7aa68e509efe44baa5646f4597bb28f done
#5 extracting sha256:31438ce367b43795a2f315445b7c1b6367f5564e26f5c05861995fb56aaf3f7f
#5 extracting sha256:31438ce367b43795a2f315445b7c1b6367f5564e26f5c05861995fb56aaf3f7f 0.1s done
#5 DONE 11.5s

#6 [2/6] RUN pip install poetry==1.1.13
#6 sha256:af05736e8f2f3552ea76beec5cf66a026a1a6694a698ce5d7e5be5120dc8476e
#6 0.996 Collecting poetry==1.1.13
#6 1.124   Downloading poetry-1.1.13-py2.py3-none-any.whl (175 kB)
#6 1.167      ━━━━━━━━━━━━━━━━━━━━━━━━━━━━━━━━━━━━━━━ 175.1/175.1 KB 4.0 MB/s eta 0:00:00
#6 1.221 Collecting tomlkit<1.0.0,>=0.7.0
#6 1.249   Downloading tomlkit-0.10.0-py3-none-any.whl (33 kB)
#6 1.313 Collecting cachy<0.4.0,>=0.3.0
#6 1.334   Downloading cachy-0.3.0-py2.py3-none-any.whl (20 kB)
#6 1.400 Collecting cleo<0.9.0,>=0.8.1
#6 1.420   Downloading cleo-0.8.1-py2.py3-none-any.whl (21 kB)
#6 1.581 Collecting clikit<0.7.0,>=0.6.2
#6 1.604   Downloading clikit-0.6.2-py2.py3-none-any.whl (91 kB)
#6 1.612      ━━━━━━━━━━━━━━━━━━━━━━━━━━━━━━━━━━━━━━━━ 91.8/91.8 KB 16.9 MB/s eta 0:00:00
#6 1.647 Collecting packaging<21.0,>=20.4
#6 1.671   Downloading packaging-20.9-py2.py3-none-any.whl (40 kB)
#6 1.675      ━━━━━━━━━━━━━━━━━━━━━━━━━━━━━━━━━━━━━━━━ 40.9/40.9 KB 12.6 MB/s eta 0:00:00
#6 1.720 Collecting requests<3.0,>=2.18
#6 1.742   Downloading requests-2.27.1-py2.py3-none-any.whl (63 kB)
#6 1.746      ━━━━━━━━━━━━━━━━━━━━━━━━━━━━━━━━━━━━━━━━ 63.1/63.1 KB 20.9 MB/s eta 0:00:00
#6 1.811 Collecting virtualenv<21.0.0,>=20.0.26
#6 1.887   Downloading virtualenv-20.13.3-py2.py3-none-any.whl (8.7 MB)
#6 2.143      ━━━━━━━━━━━━━━━━━━━━━━━━━━━━━━━━━━━━━━━━ 8.7/8.7 MB 34.4 MB/s eta 0:00:00
#6 2.178 Collecting html5lib<2.0,>=1.0
#6 2.203   Downloading html5lib-1.1-py2.py3-none-any.whl (112 kB)
#6 2.207      ━━━━━━━━━━━━━━━━━━━━━━━━━━━━━━━━━━━━━━ 112.2/112.2 KB 35.5 MB/s eta 0:00:00
#6 2.240 Collecting requests-toolbelt<0.10.0,>=0.9.1
#6 2.263   Downloading requests_toolbelt-0.9.1-py2.py3-none-any.whl (54 kB)
#6 2.267      ━━━━━━━━━━━━━━━━━━━━━━━━━━━━━━━━━━━━━━━━ 54.3/54.3 KB 21.3 MB/s eta 0:00:00
#6 2.336 Collecting cachecontrol[filecache]<0.13.0,>=0.12.9
#6 2.359   Downloading CacheControl-0.12.10-py2.py3-none-any.whl (20 kB)
#6 2.390 Collecting pexpect<5.0.0,>=4.7.0
#6 2.412   Downloading pexpect-4.8.0-py2.py3-none-any.whl (59 kB)
#6 2.416      ━━━━━━━━━━━━━━━━━━━━━━━━━━━━━━━━━━━━━━━━ 59.0/59.0 KB 20.7 MB/s eta 0:00:00
#6 2.483 Collecting shellingham<2.0,>=1.1
#6 2.504   Downloading shellingham-1.4.0-py2.py3-none-any.whl (9.4 kB)
#6 2.563 Collecting crashtest<0.4.0,>=0.3.0
#6 2.586   Downloading crashtest-0.3.1-py3-none-any.whl (7.0 kB)
#6 2.673 Collecting poetry-core<1.1.0,>=1.0.7
#6 2.695   Downloading poetry_core-1.0.8-py2.py3-none-any.whl (425 kB)
#6 2.709      ━━━━━━━━━━━━━━━━━━━━━━━━━━━━━━━━━━━━━━ 425.0/425.0 KB 36.1 MB/s eta 0:00:00
#6 2.762 Collecting keyring>=21.2.0
#6 2.783   Downloading keyring-23.5.0-py3-none-any.whl (33 kB)
#6 2.819 Collecting pkginfo<2.0,>=1.4
#6 2.841   Downloading pkginfo-1.8.2-py2.py3-none-any.whl (26 kB)
#6 2.895 Collecting msgpack>=0.5.2
#6 2.991   Downloading msgpack-1.0.3-cp310-cp310-manylinux_2_17_aarch64.manylinux2014_aarch64.whl (315 kB)
#6 3.005      ━━━━━━━━━━━━━━━━━━━━━━━━━━━━━━━━━━━━━━ 315.4/315.4 KB 25.9 MB/s eta 0:00:00
#6 3.033 Collecting lockfile>=0.9
#6 3.055   Downloading lockfile-0.12.2-py2.py3-none-any.whl (13 kB)
#6 3.138 Collecting pylev<2.0,>=1.3
#6 3.159   Downloading pylev-1.4.0-py2.py3-none-any.whl (6.1 kB)
#6 3.188 Collecting pastel<0.3.0,>=0.2.0
#6 3.317   Downloading pastel-0.2.1-py2.py3-none-any.whl (6.0 kB)
#6 3.352 Collecting webencodings
#6 3.373   Downloading webencodings-0.5.1-py2.py3-none-any.whl (11 kB)
#6 3.403 Collecting six>=1.9
#6 3.425   Downloading six-1.16.0-py2.py3-none-any.whl (11 kB)
#6 3.474 Collecting SecretStorage>=3.2
#6 3.494   Downloading SecretStorage-3.3.1-py3-none-any.whl (15 kB)
#6 3.546 Collecting importlib-metadata>=3.6
#6 3.572   Downloading importlib_metadata-4.11.3-py3-none-any.whl (18 kB)
#6 3.602 Collecting jeepney>=0.4.2
#6 3.625   Downloading jeepney-0.7.1-py3-none-any.whl (54 kB)
#6 3.628      ━━━━━━━━━━━━━━━━━━━━━━━━━━━━━━━━━━━━━━━━ 54.1/54.1 KB 25.5 MB/s eta 0:00:00
#6 3.675 Collecting pyparsing>=2.0.2
#6 3.696   Downloading pyparsing-3.0.7-py3-none-any.whl (98 kB)
#6 3.702      ━━━━━━━━━━━━━━━━━━━━━━━━━━━━━━━━━━━━━━━━ 98.0/98.0 KB 23.6 MB/s eta 0:00:00
#6 3.732 Collecting ptyprocess>=0.5
#6 3.754   Downloading ptyprocess-0.7.0-py2.py3-none-any.whl (13 kB)
#6 3.816 Collecting certifi>=2017.4.17
#6 3.836   Downloading certifi-2021.10.8-py2.py3-none-any.whl (149 kB)
#6 3.855      ━━━━━━━━━━━━━━━━━━━━━━━━━━━━━━━━━━━━━━━ 149.2/149.2 KB 8.9 MB/s eta 0:00:00
#6 3.885 Collecting idna<4,>=2.5
#6 3.908   Downloading idna-3.3-py3-none-any.whl (61 kB)
#6 3.912      ━━━━━━━━━━━━━━━━━━━━━━━━━━━━━━━━━━━━━━━━ 61.2/61.2 KB 26.4 MB/s eta 0:00:00
#6 3.947 Collecting charset-normalizer~=2.0.0
#6 3.967   Downloading charset_normalizer-2.0.12-py3-none-any.whl (39 kB)
#6 4.013 Collecting urllib3<1.27,>=1.21.1
#6 4.036   Downloading urllib3-1.26.9-py2.py3-none-any.whl (138 kB)
#6 4.041      ━━━━━━━━━━━━━━━━━━━━━━━━━━━━━━━━━━━━━━ 139.0/139.0 KB 41.5 MB/s eta 0:00:00
#6 4.102 Collecting filelock<4,>=3.2
#6 4.123   Downloading filelock-3.6.0-py3-none-any.whl (10.0 kB)
#6 4.152 Collecting distlib<1,>=0.3.1
#6 4.176   Downloading distlib-0.3.4-py2.py3-none-any.whl (461 kB)
#6 4.189      ━━━━━━━━━━━━━━━━━━━━━━━━━━━━━━━━━━━━━━ 461.2/461.2 KB 42.5 MB/s eta 0:00:00
#6 4.219 Collecting platformdirs<3,>=2
#6 4.242   Downloading platformdirs-2.5.1-py3-none-any.whl (14 kB)
#6 4.299 Collecting zipp>=0.5
#6 4.323   Downloading zipp-3.7.0-py3-none-any.whl (5.3 kB)
#6 4.535 Collecting cryptography>=2.0
#6 4.640   Downloading cryptography-36.0.2-cp36-abi3-manylinux_2_17_aarch64.manylinux2014_aarch64.manylinux_2_24_aarch64.whl (3.3 MB)
#6 4.734      ━━━━━━━━━━━━━━━━━━━━━━━━━━━━━━━━━━━━━━━━ 3.3/3.3 MB 35.9 MB/s eta 0:00:00
#6 4.865 Collecting cffi>=1.12
#6 4.887   Downloading cffi-1.15.0-cp310-cp310-manylinux_2_17_aarch64.manylinux2014_aarch64.whl (448 kB)
#6 4.901      ━━━━━━━━━━━━━━━━━━━━━━━━━━━━━━━━━━━━━━ 448.3/448.3 KB 34.0 MB/s eta 0:00:00
#6 4.940 Collecting pycparser
#6 4.962   Downloading pycparser-2.21-py2.py3-none-any.whl (118 kB)
#6 4.971      ━━━━━━━━━━━━━━━━━━━━━━━━━━━━━━━━━━━━━━ 118.7/118.7 KB 13.5 MB/s eta 0:00:00
#6 5.086 Installing collected packages: webencodings, pylev, ptyprocess, pkginfo, msgpack, lockfile, distlib, certifi, zipp, urllib3, tomlkit, six, shellingham, pyparsing, pycparser, poetry-core, platformdirs, pexpect, pastel, jeepney, idna, filelock, crashtest, charset-normalizer, cachy, virtualenv, requests, packaging, importlib-metadata, html5lib, clikit, cffi, requests-toolbelt, cryptography, cleo, cachecontrol, SecretStorage, keyring, poetry
#6 6.064 Successfully installed SecretStorage-3.3.1 cachecontrol-0.12.10 cachy-0.3.0 certifi-2021.10.8 cffi-1.15.0 charset-normalizer-2.0.12 cleo-0.8.1 clikit-0.6.2 crashtest-0.3.1 cryptography-36.0.2 distlib-0.3.4 filelock-3.6.0 html5lib-1.1 idna-3.3 importlib-metadata-4.11.3 jeepney-0.7.1 keyring-23.5.0 lockfile-0.12.2 msgpack-1.0.3 packaging-20.9 pastel-0.2.1 pexpect-4.8.0 pkginfo-1.8.2 platformdirs-2.5.1 poetry-1.1.13 poetry-core-1.0.8 ptyprocess-0.7.0 pycparser-2.21 pylev-1.4.0 pyparsing-3.0.7 requests-2.27.1 requests-toolbelt-0.9.1 shellingham-1.4.0 six-1.16.0 tomlkit-0.10.0 urllib3-1.26.9 virtualenv-20.13.3 webencodings-0.5.1 zipp-3.7.0
#6 6.064 WARNING: Running pip as the 'root' user can result in broken permissions and conflicting behaviour with the system package manager. It is recommended to use a virtual environment instead: https://pip.pypa.io/warnings/venv
#6 DONE 6.6s

#7 [3/6] WORKDIR /python-app
#7 sha256:3337ea7318608914762f6991669398211dde3818a1ef55ddde6994e41ab4e818
#7 DONE 0.0s

#9 [4/6] COPY . .
#9 sha256:10cd64c383485b67a7bd4f648874289b39576e7cb27eb91afb003f2cca10bdae
#9 DONE 0.2s

#10 [5/6] RUN poetry config virtualenvs.create false
#10 sha256:e13beeefdfa2b606b699e771b48a84411df682ba4bcb872dbb39efd32094f417
#10 DONE 0.4s

#11 [6/6] RUN poetry install
#11 sha256:b0e5ebab3f6bab2ae45da5dc78146faaf1b3cf287338b2c30b605cacc664912c
#11 0.322 Skipping virtualenv creation, as specified in config file.
#11 0.384 Installing dependencies from lock file
#11 0.468 
#11 0.468 Package operations: 23 installs, 1 update, 0 removals
#11 0.468 
#11 0.469   • Installing attrs (21.4.0)
#11 0.469   • Installing iniconfig (1.1.1)
#11 0.470   • Updating packaging (20.9 -> 21.3)
#11 0.472   • Installing pluggy (1.0.0)
#11 0.476   • Installing py (1.11.0)
#11 0.478   • Installing tomli (2.0.1)
#11 1.204   • Installing click (8.0.4)
#11 1.205   • Installing commonmark (0.9.1)
#11 1.206   • Installing mypy-extensions (0.4.3)
#11 1.207   • Installing pathspec (0.9.0)
#11 1.209   • Installing mccabe (0.6.1)
#11 1.210   • Installing pyflakes (2.4.0)
#11 1.211   • Installing pycodestyle (2.8.0)
#11 1.213   • Installing py-cpuinfo (8.0.0)
#11 2.013   • Installing pygal (3.0.0)
#11 2.035   • Installing pygaljs (1.0.2)
#11 2.066   • Installing pygments (2.11.2)
#11 2.097   • Installing pytest (7.0.1)
#11 3.019   • Installing black (22.1.0)
#11 3.020   • Installing flake8 (4.0.1)
#11 3.022   • Installing isort (5.10.1)
#11 3.024   • Installing pytest-benchmark (3.4.1)
#11 3.025   • Installing rich (12.0.0)
#11 3.026   • Installing strsimpy (0.2.1)
#11 DONE 3.9s

#12 exporting to image
#12 sha256:e8c613e07b0b7ff33893b694f7759a10d42e180f2b4dc349fb57dc6b71dcab00
#12 exporting layers
#12 exporting layers 0.4s done
#12 writing image sha256:fbca1e555b6cf9f5375362f658e085d8bb33050615a9b7ac90ad493ad835a35e done
#12 naming to docker.io/library/python-benchmarks done
#12 DONE 0.4s

Use 'docker scan' to run Snyk tests against images to find vulnerabilities and learn how to fix them
#1 [internal] load build definition from Dockerfile
#1 sha256:f9352b2fa568011982987eb3da526c54ff8030462155130780fa1c1d15a148c1
#1 transferring dockerfile: 180B done
#1 DONE 0.0s

#2 [internal] load .dockerignore
#2 sha256:27971442e1a96b722f05706fa6219dc15b0f121b1eb5c0572692f424fe538b83
#2 transferring context: 2B done
#2 DONE 0.0s

#3 [internal] load metadata for docker.io/library/rust:1.57
#3 sha256:1714774c5a100eb3fb7406cb354b673d566145ff41e914ab96b562f1d15b1008
#3 ...

#4 [auth] library/rust:pull token for registry-1.docker.io
#4 sha256:43aaa1caf74bfc0dc2442c1246429d1e96c6b945524fcb822fbfa2f7ab5b88c9
#4 DONE 0.0s

#3 [internal] load metadata for docker.io/library/rust:1.57
#3 sha256:1714774c5a100eb3fb7406cb354b673d566145ff41e914ab96b562f1d15b1008
#3 DONE 1.2s

#5 [1/4] FROM docker.io/library/rust:1.57@sha256:d83bf5ea7b4c3d18c2f46d5f3d288bfca085c3e7ac57822e3b8e5a1ad22ccc1a
#5 sha256:f6704e1cc7c3fe5dfb8edf3449ccaa98c9d3e82d17a8b52d68aad491f83b7ed7
#5 resolve docker.io/library/rust:1.57@sha256:d83bf5ea7b4c3d18c2f46d5f3d288bfca085c3e7ac57822e3b8e5a1ad22ccc1a done
#5 sha256:d83bf5ea7b4c3d18c2f46d5f3d288bfca085c3e7ac57822e3b8e5a1ad22ccc1a 988B / 988B done
#5 sha256:94a23d3cb5be24659b25f17537307e7f568d665244f6a383c1c6e51e31080749 0B / 53.60MB 0.1s
#5 sha256:aa9c5b49b9db3dd2553e8ae6c2081b77274ec0a8b1f9903b0e5ac83900642098 0B / 10.66MB 0.1s
#5 sha256:7e5dbc178d8143973ee72347399c42d076adf70f4f527c0792068e004b17683a 1.59kB / 1.59kB done
#5 sha256:b70f15e3554f549c3e7e118d4712db95c1db40e7797deb318d1f30b7bba36bce 6.43kB / 6.43kB done
#5 sha256:ac9d381bd1e98fa8759f80ff42db63c8fce4ac9407b2e7c8e0f031ed9f96432b 0B / 5.14MB 0.1s
#5 sha256:aa9c5b49b9db3dd2553e8ae6c2081b77274ec0a8b1f9903b0e5ac83900642098 2.10MB / 10.66MB 0.3s
#5 sha256:aa9c5b49b9db3dd2553e8ae6c2081b77274ec0a8b1f9903b0e5ac83900642098 3.15MB / 10.66MB 0.4s
#5 sha256:aa9c5b49b9db3dd2553e8ae6c2081b77274ec0a8b1f9903b0e5ac83900642098 4.19MB / 10.66MB 0.5s
#5 sha256:94a23d3cb5be24659b25f17537307e7f568d665244f6a383c1c6e51e31080749 5.24MB / 53.60MB 0.6s
#5 sha256:aa9c5b49b9db3dd2553e8ae6c2081b77274ec0a8b1f9903b0e5ac83900642098 5.24MB / 10.66MB 0.6s
#5 sha256:ac9d381bd1e98fa8759f80ff42db63c8fce4ac9407b2e7c8e0f031ed9f96432b 1.05MB / 5.14MB 0.6s
#5 sha256:94a23d3cb5be24659b25f17537307e7f568d665244f6a383c1c6e51e31080749 9.44MB / 53.60MB 0.8s
#5 sha256:aa9c5b49b9db3dd2553e8ae6c2081b77274ec0a8b1f9903b0e5ac83900642098 7.34MB / 10.66MB 0.8s
#5 sha256:ac9d381bd1e98fa8759f80ff42db63c8fce4ac9407b2e7c8e0f031ed9f96432b 3.15MB / 5.14MB 0.8s
#5 sha256:aa9c5b49b9db3dd2553e8ae6c2081b77274ec0a8b1f9903b0e5ac83900642098 8.39MB / 10.66MB 0.9s
#5 sha256:ac9d381bd1e98fa8759f80ff42db63c8fce4ac9407b2e7c8e0f031ed9f96432b 5.14MB / 5.14MB 0.9s done
#5 sha256:841dd868500b6685b6cda93c97ea76e817b427d7a10bf73e9d03356fac199ffd 0B / 54.67MB 0.9s
#5 sha256:94a23d3cb5be24659b25f17537307e7f568d665244f6a383c1c6e51e31080749 15.73MB / 53.60MB 1.0s
#5 sha256:aa9c5b49b9db3dd2553e8ae6c2081b77274ec0a8b1f9903b0e5ac83900642098 10.66MB / 10.66MB 1.0s done
#5 sha256:d4bb9078a4a2954fb77553c7f66912068fb62ff7cf431160389ebd36fab5c7ad 0B / 189.42MB 1.0s
#5 sha256:94a23d3cb5be24659b25f17537307e7f568d665244f6a383c1c6e51e31080749 19.92MB / 53.60MB 1.1s
#5 sha256:94a23d3cb5be24659b25f17537307e7f568d665244f6a383c1c6e51e31080749 23.87MB / 53.60MB 1.2s
#5 sha256:94a23d3cb5be24659b25f17537307e7f568d665244f6a383c1c6e51e31080749 28.31MB / 53.60MB 1.4s
#5 sha256:841dd868500b6685b6cda93c97ea76e817b427d7a10bf73e9d03356fac199ffd 3.15MB / 54.67MB 1.5s
#5 sha256:94a23d3cb5be24659b25f17537307e7f568d665244f6a383c1c6e51e31080749 32.51MB / 53.60MB 1.7s
#5 sha256:94a23d3cb5be24659b25f17537307e7f568d665244f6a383c1c6e51e31080749 36.70MB / 53.60MB 1.8s
#5 sha256:841dd868500b6685b6cda93c97ea76e817b427d7a10bf73e9d03356fac199ffd 6.29MB / 54.67MB 1.8s
#5 sha256:94a23d3cb5be24659b25f17537307e7f568d665244f6a383c1c6e51e31080749 40.89MB / 53.60MB 2.0s
#5 sha256:d4bb9078a4a2954fb77553c7f66912068fb62ff7cf431160389ebd36fab5c7ad 10.49MB / 189.42MB 2.0s
#5 sha256:94a23d3cb5be24659b25f17537307e7f568d665244f6a383c1c6e51e31080749 44.04MB / 53.60MB 2.2s
#5 sha256:841dd868500b6685b6cda93c97ea76e817b427d7a10bf73e9d03356fac199ffd 10.49MB / 54.67MB 2.2s
#5 sha256:d4bb9078a4a2954fb77553c7f66912068fb62ff7cf431160389ebd36fab5c7ad 24.12MB / 189.42MB 2.4s
#5 sha256:94a23d3cb5be24659b25f17537307e7f568d665244f6a383c1c6e51e31080749 48.23MB / 53.60MB 2.7s
#5 sha256:841dd868500b6685b6cda93c97ea76e817b427d7a10bf73e9d03356fac199ffd 13.63MB / 54.67MB 2.7s
#5 sha256:d4bb9078a4a2954fb77553c7f66912068fb62ff7cf431160389ebd36fab5c7ad 35.80MB / 189.42MB 2.9s
#5 sha256:841dd868500b6685b6cda93c97ea76e817b427d7a10bf73e9d03356fac199ffd 16.78MB / 54.67MB 3.0s
#5 sha256:94a23d3cb5be24659b25f17537307e7f568d665244f6a383c1c6e51e31080749 51.38MB / 53.60MB 3.1s
#5 sha256:d4bb9078a4a2954fb77553c7f66912068fb62ff7cf431160389ebd36fab5c7ad 46.14MB / 189.42MB 3.2s
#5 sha256:841dd868500b6685b6cda93c97ea76e817b427d7a10bf73e9d03356fac199ffd 19.92MB / 54.67MB 3.4s
#5 sha256:94a23d3cb5be24659b25f17537307e7f568d665244f6a383c1c6e51e31080749 53.60MB / 53.60MB 3.4s done
#5 sha256:d4bb9078a4a2954fb77553c7f66912068fb62ff7cf431160389ebd36fab5c7ad 57.67MB / 189.42MB 3.5s
#5 sha256:b991c95856bebea68e0c6453b2ec0d7289c94df59b7a2a8922e23b561a21cab3 0B / 211.19MB 3.5s
#5 extracting sha256:94a23d3cb5be24659b25f17537307e7f568d665244f6a383c1c6e51e31080749
#5 sha256:841dd868500b6685b6cda93c97ea76e817b427d7a10bf73e9d03356fac199ffd 23.07MB / 54.67MB 3.8s
#5 sha256:d4bb9078a4a2954fb77553c7f66912068fb62ff7cf431160389ebd36fab5c7ad 68.16MB / 189.42MB 3.9s
#5 sha256:841dd868500b6685b6cda93c97ea76e817b427d7a10bf73e9d03356fac199ffd 26.21MB / 54.67MB 4.2s
#5 sha256:d4bb9078a4a2954fb77553c7f66912068fb62ff7cf431160389ebd36fab5c7ad 79.69MB / 189.42MB 4.3s
#5 sha256:841dd868500b6685b6cda93c97ea76e817b427d7a10bf73e9d03356fac199ffd 29.36MB / 54.67MB 4.4s
#5 sha256:841dd868500b6685b6cda93c97ea76e817b427d7a10bf73e9d03356fac199ffd 34.60MB / 54.67MB 4.8s
#5 sha256:d4bb9078a4a2954fb77553c7f66912068fb62ff7cf431160389ebd36fab5c7ad 93.32MB / 189.42MB 4.8s
#5 sha256:b991c95856bebea68e0c6453b2ec0d7289c94df59b7a2a8922e23b561a21cab3 11.53MB / 211.19MB 4.9s
#5 sha256:841dd868500b6685b6cda93c97ea76e817b427d7a10bf73e9d03356fac199ffd 37.75MB / 54.67MB 5.0s
#5 sha256:841dd868500b6685b6cda93c97ea76e817b427d7a10bf73e9d03356fac199ffd 41.94MB / 54.67MB 5.3s
#5 sha256:841dd868500b6685b6cda93c97ea76e817b427d7a10bf73e9d03356fac199ffd 45.09MB / 54.67MB 5.5s
#5 sha256:d4bb9078a4a2954fb77553c7f66912068fb62ff7cf431160389ebd36fab5c7ad 104.86MB / 189.42MB 5.5s
#5 sha256:b991c95856bebea68e0c6453b2ec0d7289c94df59b7a2a8922e23b561a21cab3 23.07MB / 211.19MB 5.7s
#5 sha256:841dd868500b6685b6cda93c97ea76e817b427d7a10bf73e9d03356fac199ffd 48.23MB / 54.67MB 5.8s
#5 sha256:841dd868500b6685b6cda93c97ea76e817b427d7a10bf73e9d03356fac199ffd 51.38MB / 54.67MB 6.0s
#5 sha256:841dd868500b6685b6cda93c97ea76e817b427d7a10bf73e9d03356fac199ffd 54.67MB / 54.67MB 6.2s done
#5 sha256:d4bb9078a4a2954fb77553c7f66912068fb62ff7cf431160389ebd36fab5c7ad 116.39MB / 189.42MB 6.2s
#5 sha256:b991c95856bebea68e0c6453b2ec0d7289c94df59b7a2a8922e23b561a21cab3 35.65MB / 211.19MB 6.5s
#5 extracting sha256:94a23d3cb5be24659b25f17537307e7f568d665244f6a383c1c6e51e31080749 3.0s done
#5 extracting sha256:ac9d381bd1e98fa8759f80ff42db63c8fce4ac9407b2e7c8e0f031ed9f96432b
#5 sha256:d4bb9078a4a2954fb77553c7f66912068fb62ff7cf431160389ebd36fab5c7ad 127.93MB / 189.42MB 6.8s
#5 extracting sha256:ac9d381bd1e98fa8759f80ff42db63c8fce4ac9407b2e7c8e0f031ed9f96432b 0.2s done
#5 extracting sha256:aa9c5b49b9db3dd2553e8ae6c2081b77274ec0a8b1f9903b0e5ac83900642098
#5 sha256:b991c95856bebea68e0c6453b2ec0d7289c94df59b7a2a8922e23b561a21cab3 48.23MB / 211.19MB 7.2s
#5 sha256:d4bb9078a4a2954fb77553c7f66912068fb62ff7cf431160389ebd36fab5c7ad 138.41MB / 189.42MB 7.4s
#5 extracting sha256:aa9c5b49b9db3dd2553e8ae6c2081b77274ec0a8b1f9903b0e5ac83900642098 0.4s done
#5 extracting sha256:841dd868500b6685b6cda93c97ea76e817b427d7a10bf73e9d03356fac199ffd
#5 sha256:b991c95856bebea68e0c6453b2ec0d7289c94df59b7a2a8922e23b561a21cab3 59.77MB / 211.19MB 7.8s
#5 sha256:d4bb9078a4a2954fb77553c7f66912068fb62ff7cf431160389ebd36fab5c7ad 148.90MB / 189.42MB 7.9s
#5 sha256:d4bb9078a4a2954fb77553c7f66912068fb62ff7cf431160389ebd36fab5c7ad 160.43MB / 189.42MB 8.4s
#5 sha256:b991c95856bebea68e0c6453b2ec0d7289c94df59b7a2a8922e23b561a21cab3 71.30MB / 211.19MB 8.5s
#5 sha256:d4bb9078a4a2954fb77553c7f66912068fb62ff7cf431160389ebd36fab5c7ad 170.92MB / 189.42MB 9.0s
#5 sha256:b991c95856bebea68e0c6453b2ec0d7289c94df59b7a2a8922e23b561a21cab3 82.84MB / 211.19MB 9.2s
#5 sha256:d4bb9078a4a2954fb77553c7f66912068fb62ff7cf431160389ebd36fab5c7ad 181.40MB / 189.42MB 9.5s
#5 sha256:b991c95856bebea68e0c6453b2ec0d7289c94df59b7a2a8922e23b561a21cab3 94.37MB / 211.19MB 9.9s
#5 sha256:d4bb9078a4a2954fb77553c7f66912068fb62ff7cf431160389ebd36fab5c7ad 189.42MB / 189.42MB 10.0s done
#5 ...

#7 [internal] load build context
#7 sha256:fc97d942b6419733af5f539456bb471d0d9c06f6931209ef6c5aeaaf9ee19977
#7 transferring context: 187.21MB 10.1s
#7 ...

#5 [1/4] FROM docker.io/library/rust:1.57@sha256:d83bf5ea7b4c3d18c2f46d5f3d288bfca085c3e7ac57822e3b8e5a1ad22ccc1a
#5 sha256:f6704e1cc7c3fe5dfb8edf3449ccaa98c9d3e82d17a8b52d68aad491f83b7ed7
#5 sha256:b991c95856bebea68e0c6453b2ec0d7289c94df59b7a2a8922e23b561a21cab3 106.95MB / 211.19MB 10.4s
#5 extracting sha256:841dd868500b6685b6cda93c97ea76e817b427d7a10bf73e9d03356fac199ffd 3.2s done
#5 extracting sha256:d4bb9078a4a2954fb77553c7f66912068fb62ff7cf431160389ebd36fab5c7ad
#5 sha256:b991c95856bebea68e0c6453b2ec0d7289c94df59b7a2a8922e23b561a21cab3 121.63MB / 211.19MB 11.0s
#5 sha256:b991c95856bebea68e0c6453b2ec0d7289c94df59b7a2a8922e23b561a21cab3 134.22MB / 211.19MB 11.4s
#5 sha256:b991c95856bebea68e0c6453b2ec0d7289c94df59b7a2a8922e23b561a21cab3 146.80MB / 211.19MB 11.8s
#5 sha256:b991c95856bebea68e0c6453b2ec0d7289c94df59b7a2a8922e23b561a21cab3 159.38MB / 211.19MB 12.2s
#5 sha256:b991c95856bebea68e0c6453b2ec0d7289c94df59b7a2a8922e23b561a21cab3 173.02MB / 211.19MB 12.6s
#5 sha256:b991c95856bebea68e0c6453b2ec0d7289c94df59b7a2a8922e23b561a21cab3 184.55MB / 211.19MB 13.0s
#5 sha256:b991c95856bebea68e0c6453b2ec0d7289c94df59b7a2a8922e23b561a21cab3 197.13MB / 211.19MB 13.5s
#5 sha256:b991c95856bebea68e0c6453b2ec0d7289c94df59b7a2a8922e23b561a21cab3 210.76MB / 211.19MB 13.9s
#5 sha256:b991c95856bebea68e0c6453b2ec0d7289c94df59b7a2a8922e23b561a21cab3 211.19MB / 211.19MB 14.0s done
#5 extracting sha256:d4bb9078a4a2954fb77553c7f66912068fb62ff7cf431160389ebd36fab5c7ad 5.1s
#5 extracting sha256:d4bb9078a4a2954fb77553c7f66912068fb62ff7cf431160389ebd36fab5c7ad 9.2s done
#5 extracting sha256:b991c95856bebea68e0c6453b2ec0d7289c94df59b7a2a8922e23b561a21cab3
#5 ...

#7 [internal] load build context
#7 sha256:fc97d942b6419733af5f539456bb471d0d9c06f6931209ef6c5aeaaf9ee19977
#7 transferring context: 477.79MB 20.3s
#7 ...

#5 [1/4] FROM docker.io/library/rust:1.57@sha256:d83bf5ea7b4c3d18c2f46d5f3d288bfca085c3e7ac57822e3b8e5a1ad22ccc1a
#5 sha256:f6704e1cc7c3fe5dfb8edf3449ccaa98c9d3e82d17a8b52d68aad491f83b7ed7
#5 extracting sha256:b991c95856bebea68e0c6453b2ec0d7289c94df59b7a2a8922e23b561a21cab3 5.0s
#5 ...

#7 [internal] load build context
#7 sha256:fc97d942b6419733af5f539456bb471d0d9c06f6931209ef6c5aeaaf9ee19977
#7 transferring context: 763.91MB 28.2s done
#7 DONE 28.3s

#5 [1/4] FROM docker.io/library/rust:1.57@sha256:d83bf5ea7b4c3d18c2f46d5f3d288bfca085c3e7ac57822e3b8e5a1ad22ccc1a
#5 sha256:f6704e1cc7c3fe5dfb8edf3449ccaa98c9d3e82d17a8b52d68aad491f83b7ed7
#5 extracting sha256:b991c95856bebea68e0c6453b2ec0d7289c94df59b7a2a8922e23b561a21cab3 8.6s done
#5 DONE 28.9s

#6 [2/4] WORKDIR /rust-app
#6 sha256:4f9549fbb65712ac874d8b74e58a4406d82c0d23ce26fa0c5b6024795c05c957
#6 DONE 0.3s

#8 [3/4] COPY . .
#8 sha256:4b9afa33e416c5834b9fc40ff907196f2ed82e9733ecaa9c168f4d168dd85c49
#8 DONE 1.2s

#9 [4/4] RUN cargo install cargo-criterion
#9 sha256:a8b0bb91d591bfcfea67e1a53f057f9fb3c5005a43339c475f98fd81707d70b7
#9 0.209     Updating crates.io index
#9 20.80  Downloading crates ...
#9 21.29   Downloaded cargo-criterion v1.1.0
#9 21.39   Installing cargo-criterion v1.1.0
#9 21.72  Downloading crates ...
#9 21.93   Downloaded oorandom v11.1.3
#9 21.98   Downloaded scopeguard v1.1.0
#9 21.98   Downloaded rustc_version v0.4.0
#9 22.01   Downloaded rayon v1.5.1
#9 22.02   Downloaded strsim v0.8.0
#9 22.03   Downloaded simplelog v0.10.2
#9 22.04   Downloaded semver v1.0.6
#9 22.04   Downloaded toml v0.5.8
#9 22.04   Downloaded atty v0.2.14
#9 22.04   Downloaded time v0.1.44
#9 22.04   Downloaded cfg-if v1.0.0
#9 22.05   Downloaded bitflags v1.3.2
#9 22.06   Downloaded either v1.6.1
#9 22.06   Downloaded chrono v0.4.19
#9 22.06   Downloaded itoa v1.0.1
#9 22.07   Downloaded memoffset v0.6.5
#9 22.07   Downloaded quote v1.0.15
#9 22.07   Downloaded unicode-xid v0.2.2
#9 22.07   Downloaded num_cpus v1.13.1
#9 22.07   Downloaded vec_map v0.8.2
#9 22.07   Downloaded ansi_term v0.12.1
#9 22.08   Downloaded libc v0.2.120
#9 22.10   Downloaded lazy_static v1.4.0
#9 22.10   Downloaded same-file v1.0.6
#9 22.10   Downloaded linked-hash-map v0.5.4
#9 22.10   Downloaded serde_derive v1.0.136
#9 22.10   Downloaded itertools v0.10.3
#9 22.11   Downloaded serde_json v1.0.79
#9 22.12   Downloaded ryu v1.0.9
#9 22.12   Downloaded serde v1.0.136
#9 22.12   Downloaded proc-macro2 v1.0.36
#9 22.13   Downloaded unicode-width v0.1.9
#9 22.13   Downloaded textwrap v0.11.0
#9 22.13   Downloaded walkdir v2.3.2
#9 22.13   Downloaded syn v1.0.89
#9 22.14   Downloaded linked_hash_set v0.1.4
#9 22.14   Downloaded log v0.4.14
#9 22.14   Downloaded rayon-core v1.9.1
#9 22.15   Downloaded termcolor v1.1.3
#9 22.15   Downloaded tinytemplate v1.2.1
#9 22.15   Downloaded serde_cbor v0.11.2
#9 22.16   Downloaded num-traits v0.2.14
#9 22.16   Downloaded crossbeam-utils v0.8.8
#9 22.16   Downloaded clap v2.34.0
#9 22.17   Downloaded hashbrown v0.11.2
#9 22.18   Downloaded crossbeam-channel v0.5.3
#9 22.18   Downloaded crossbeam-epoch v0.9.8
#9 22.18   Downloaded autocfg v1.1.0
#9 22.19   Downloaded crossbeam-deque v0.8.1
#9 22.19   Downloaded num-integer v0.1.44
#9 22.19   Downloaded plotters-svg v0.3.1
#9 22.19   Downloaded plotters-backend v0.3.2
#9 22.19   Downloaded half v1.8.2
#9 22.20   Downloaded criterion-plot v0.4.4
#9 22.20   Downloaded cast v0.2.7
#9 22.20   Downloaded anyhow v1.0.56
#9 22.21   Downloaded indexmap v1.8.0
#9 22.27   Downloaded plotters v0.3.1
#9 22.46    Compiling autocfg v1.1.0
#9 22.46    Compiling libc v0.2.120
#9 22.46    Compiling cfg-if v1.0.0
#9 22.46    Compiling serde v1.0.136
#9 22.56    Compiling crossbeam-utils v0.8.8
#9 22.87    Compiling semver v1.0.6
#9 22.87    Compiling lazy_static v1.4.0
#9 22.88    Compiling proc-macro2 v1.0.36
#9 22.88    Compiling unicode-xid v0.2.2
#9 22.97    Compiling scopeguard v1.1.0
#9 22.99    Compiling rayon-core v1.9.1
#9 23.06    Compiling log v0.4.14
#9 23.13    Compiling serde_json v1.0.79
#9 23.19    Compiling syn v1.0.89
#9 23.19    Compiling either v1.6.1
#9 23.27    Compiling serde_derive v1.0.136
#9 23.33    Compiling hashbrown v0.11.2
#9 23.42    Compiling unicode-width v0.1.9
#9 23.48    Compiling itoa v1.0.1
#9 23.51    Compiling plotters-backend v0.3.2
#9 23.56    Compiling ryu v1.0.9
#9 23.60    Compiling anyhow v1.0.56
#9 23.74    Compiling termcolor v1.1.3
#9 23.87    Compiling bitflags v1.3.2
#9 23.87    Compiling ansi_term v0.12.1
#9 23.92    Compiling same-file v1.0.6
#9 23.94    Compiling linked-hash-map v0.5.4
#9 24.10    Compiling strsim v0.8.0
#9 24.11    Compiling half v1.8.2
#9 24.45    Compiling vec_map v0.8.2
#9 24.46    Compiling oorandom v11.1.3
#9 24.62    Compiling memoffset v0.6.5
#9 24.67    Compiling num-traits v0.2.14
#9 24.75    Compiling crossbeam-epoch v0.9.8
#9 24.81    Compiling num-integer v0.1.44
#9 24.89    Compiling indexmap v1.8.0
#9 25.00    Compiling rayon v1.5.1
#9 25.10    Compiling itertools v0.10.3
#9 25.16    Compiling textwrap v0.11.0
#9 25.22    Compiling plotters-svg v0.3.1
#9 25.40    Compiling walkdir v2.3.2
#9 25.71    Compiling linked_hash_set v0.1.4
#9 27.98    Compiling crossbeam-channel v0.5.3
#9 28.26    Compiling num_cpus v1.13.1
#9 28.63    Compiling time v0.1.44
#9 28.65    Compiling atty v0.2.14
#9 28.87    Compiling rustc_version v0.4.0
#9 29.12    Compiling quote v1.0.15
#9 29.43    Compiling serde_cbor v0.11.2
#9 29.93    Compiling plotters v0.3.1
#9 30.36    Compiling clap v2.34.0
#9 30.99    Compiling toml v0.5.8
#9 31.57    Compiling cast v0.2.7
#9 32.51    Compiling crossbeam-deque v0.8.1
#9 32.71    Compiling tinytemplate v1.2.1
#9 34.69    Compiling chrono v0.4.19
#9 36.72    Compiling simplelog v0.10.2
#9 38.42    Compiling criterion-plot v0.4.4
#9 41.82    Compiling cargo-criterion v1.1.0
#9 66.19     Finished release [optimized] target(s) in 1m 05s
#9 66.22   Installing /usr/local/cargo/bin/cargo-criterion
#9 66.22    Installed package `cargo-criterion v1.1.0` (executable `cargo-criterion`)
#9 DONE 66.4s

#10 exporting to image
#10 sha256:e8c613e07b0b7ff33893b694f7759a10d42e180f2b4dc349fb57dc6b71dcab00
#10 exporting layers
#10 exporting layers 2.0s done
#10 writing image sha256:ab2ee28216283afe472857a10344c009ae265e9433590048c9ba7d8dbdf95134 done
#10 naming to docker.io/library/rust-benchmarks done
#10 DONE 2.0s

Use 'docker scan' to run Snyk tests against images to find vulnerabilities and learn how to fix them
go: downloading github.com/hbollon/go-edlib v1.6.0
goos: linux
goarch: arm64
pkg: perf-comp
BenchmarkLevenshtein-4              	  100000	       301.4 ns/op
BenchmarkDamerau-4                  	  100000	      1060 ns/op
BenchmarkOptimalStringAlignment-4   	  100000	       585.8 ns/op
BenchmarkJaroWinkler-4              	  100000	       124.9 ns/op
BenchmarkSorensonDice-4             	  100000	      1168 ns/op
PASS
ok  	perf-comp	0.334s
Skipping virtualenv creation, as specified in config file.
============================= test session starts ==============================
platform linux -- Python 3.10.3, pytest-7.0.1, pluggy-1.0.0
benchmark: 3.4.1 (defaults: timer=time.perf_counter disable_gc=False min_rounds=5 min_time=0.000005 max_time=1.0 calibration_precision=10 warmup=False warmup_iterations=100000)
rootdir: /python-app, configfile: pyproject.toml, testpaths: tests
plugins: benchmark-3.4.1
collected 10 items

tests/test_str_sim.py ..........                                         [100%]


--------------------------------------------------------------------------------------------------- benchmark: 5 tests --------------------------------------------------------------------------------------------------
Name (time in us)                                        Min                Max               Mean            StdDev             Median               IQR            Outliers  OPS (Kops/s)            Rounds  Iterations
-------------------------------------------------------------------------------------------------------------------------------------------------------------------------------------------------------------------------
test_benchmark_sorensen_dice_distance                 3.5060 (1.0)       3.5060 (1.0)       3.5060 (1.0)      0.0000 (1.0)       3.5060 (1.0)      0.0000 (1.0)           0;0      285.2260 (1.0)           1     1000000
test_benchmark_jarowinkler_distance                   4.9136 (1.40)      4.9136 (1.40)      4.9136 (1.40)     0.0000 (1.0)       4.9136 (1.40)     0.0000 (1.0)           0;0      203.5158 (0.71)          1     1000000
test_benchmark_levenshtein_distance                  13.2416 (3.78)     13.2416 (3.78)     13.2416 (3.78)     0.0000 (1.0)      13.2416 (3.78)     0.0000 (1.0)           0;0       75.5194 (0.26)          1     1000000
test_benchmark_optimal_string_alignment_distance     21.5121 (6.14)     21.5121 (6.14)     21.5121 (6.14)     0.0000 (1.0)      21.5121 (6.14)     0.0000 (1.0)           0;0       46.4854 (0.16)          1     1000000
test_benchmark_damerau_distance                      32.0116 (9.13)     32.0116 (9.13)     32.0116 (9.13)     0.0000 (1.0)      32.0116 (9.13)     0.0000 (1.0)           0;0       31.2387 (0.11)          1     1000000
-------------------------------------------------------------------------------------------------------------------------------------------------------------------------------------------------------------------------

Legend:
  Outliers: 1 Standard Deviation from Mean; 1.5 IQR (InterQuartile Range) from 1st Quartile and 3rd Quartile.
  OPS: Operations Per Second, computed as 1 / Mean
======================== 10 passed in 75.20s (0:01:15) =========================
   Compiling autocfg v1.1.0
   Compiling lazy_static v1.4.0
   Compiling semver v1.0.6
   Compiling crossbeam-utils v0.8.7
   Compiling serde v1.0.136
   Compiling libc v0.2.119
   Compiling cfg-if v1.0.0
   Compiling crossbeam-epoch v0.9.7
   Compiling proc-macro2 v1.0.36
   Compiling memchr v2.4.1
   Compiling unicode-xid v0.2.2
   Compiling rayon-core v1.9.1
   Compiling scopeguard v1.1.0
   Compiling ryu v1.0.9
   Compiling serde_json v1.0.79
   Compiling either v1.6.1
   Compiling syn v1.0.86
   Compiling regex-automata v0.1.10
   Compiling unicode-width v0.1.9
   Compiling serde_derive v1.0.136
   Compiling itoa v1.0.1
   Compiling plotters-backend v0.3.2
   Compiling same-file v1.0.6
   Compiling bitflags v1.3.2
   Compiling regex-syntax v0.6.25
   Compiling itoa v0.4.8
   Compiling half v1.8.2
   Compiling oorandom v11.1.3
   Compiling strsim v0.10.0
   Compiling memoffset v0.6.5
   Compiling num-traits v0.2.14
   Compiling rayon v1.5.1
   Compiling itertools v0.10.3
   Compiling textwrap v0.11.0
   Compiling plotters-svg v0.3.1
   Compiling walkdir v2.3.2
   Compiling regex v1.5.5
   Compiling clap v2.34.0
   Compiling crossbeam-channel v0.5.2
   Compiling rustc_version v0.4.0
   Compiling num_cpus v1.13.1
   Compiling atty v0.2.14
   Compiling csv-core v0.1.10
   Compiling quote v1.0.15
   Compiling bstr v0.2.17
   Compiling serde_cbor v0.11.2
   Compiling cast v0.2.7
   Compiling plotters v0.3.1
   Compiling csv v1.1.6
   Compiling tinytemplate v1.2.1
   Compiling crossbeam-deque v0.8.1
   Compiling criterion-plot v0.4.4
   Compiling criterion v0.3.5
   Compiling rust-lang v0.1.0 (/rust-app)
    Finished bench [optimized] target(s) in 29.39s
Gnuplot not found, using plotters backend
Benchmarking Algorithms/Levenshtein
Benchmarking Algorithms/Levenshtein: Warming up for 3.0000 s
Benchmarking Algorithms/Levenshtein: Collecting 100000 samples in estimated 5.0006 s (44300000 iterations)
Benchmarking Algorithms/Levenshtein: Analyzing
Algorithms/Levenshtein  time:   [113.05 ns 113.15 ns 113.27 ns]
                        change: [-5.6639% -5.5759% -5.4675%] (p = 0.00 < 0.01)
                        Performance has improved.
Found 19919 outliers among 100000 measurements (19.92%)
  3262 (3.26%) low mild
  7428 (7.43%) high mild
  9229 (9.23%) high severe
mean   [113.05 ns 113.27 ns] std. dev.      [12.948 ns 22.471 ns]
median [110.61 ns 110.61 ns] med. abs. dev. [1.2550 ns 1.2550 ns]
Benchmarking Algorithms/Jaro-Winkler
Benchmarking Algorithms/Jaro-Winkler: Warming up for 3.0000 s
Benchmarking Algorithms/Jaro-Winkler: Collecting 100000 samples in estimated 5.0056 s (79200000 iterations)
Benchmarking Algorithms/Jaro-Winkler: Analyzing
Algorithms/Jaro-Winkler time:   [63.743 ns 63.775 ns 63.808 ns]
                        change: [-18.108% -18.057% -18.005%] (p = 0.00 < 0.01)
                        Performance has improved.
Found 7748 outliers among 100000 measurements (7.75%)
  3463 (3.46%) high mild
  4285 (4.29%) high severe
mean   [63.743 ns 63.808 ns] std. dev.      [4.8261 ns 5.8426 ns]
median [62.027 ns 62.027 ns] med. abs. dev. [778.74 ps 780.61 ps]
Benchmarking Algorithms/Damerau-Levenshtein
Benchmarking Algorithms/Damerau-Levenshtein: Warming up for 3.0000 s
Benchmarking Algorithms/Damerau-Levenshtein: Collecting 100000 samples in estimated 5.0877 s (3500000 iterations)
Benchmarking Algorithms/Damerau-Levenshtein: Analyzing
Algorithms/Damerau-Levenshtein
                        time:   [1.4354 us 1.4358 us 1.4363 us]
                        change: [-4.8095% -4.7632% -4.7157%] (p = 0.00 < 0.01)
                        Performance has improved.
Found 10747 outliers among 100000 measurements (10.75%)
  249 (0.25%) low severe
  2165 (2.17%) low mild
  2089 (2.09%) high mild
  6244 (6.24%) high severe
mean   [1.4354 us 1.4363 us] std. dev.      [72.154 ns 79.174 ns]
median [1.4238 us 1.4238 us] med. abs. dev. [24.696 ns 24.738 ns]
Benchmarking Algorithms/Sorensen-Dice
Benchmarking Algorithms/Sorensen-Dice: Warming up for 3.0000 s
Benchmarking Algorithms/Sorensen-Dice: Collecting 100000 samples in estimated 5.0070 s (10900000 iterations)
Benchmarking Algorithms/Sorensen-Dice: Analyzing
Algorithms/Sorensen-Dice
                        time:   [457.94 ns 458.14 ns 458.34 ns]
                        change: [-10.538% -10.298% -10.096%] (p = 0.00 < 0.01)
                        Performance has improved.
Found 3278 outliers among 100000 measurements (3.28%)
  144 (0.14%) low mild
  2738 (2.74%) high mild
  396 (0.40%) high severe
mean   [457.94 ns 458.34 ns] std. dev.      [31.459 ns 32.980 ns]
median [457.19 ns 457.94 ns] med. abs. dev. [26.075 ns 26.632 ns]
Benchmarking Algorithms/Optimal String Alignment
Benchmarking Algorithms/Optimal String Alignment: Warming up for 3.0000 s
Benchmarking Algorithms/Optimal String Alignment: Collecting 100000 samples in estimated 5.0007 s (19200000 iterations)
Benchmarking Algorithms/Optimal String Alignment: Analyzing
Algorithms/Optimal String Alignment
                        time:   [260.79 ns 260.90 ns 261.01 ns]
                        change: [-7.4745% -7.4304% -7.3841%] (p = 0.00 < 0.01)
                        Performance has improved.
Found 12788 outliers among 100000 measurements (12.79%)
  496 (0.50%) low mild
  1829 (1.83%) high mild
  10463 (10.46%) high severe
mean   [260.79 ns 261.01 ns] std. dev.      [14.680 ns 21.613 ns]
median [256.72 ns 256.72 ns] med. abs. dev. [640.92 ps 640.92 ps]

rust-benchmarks
