Sat Mar 12 18:47:44 EST 2022
============================= test session starts ==============================
platform darwin -- Python 3.10.2, pytest-7.0.1, pluggy-1.0.0
benchmark: 3.4.1 (defaults: timer=time.perf_counter disable_gc=False min_rounds=5 min_time=0.000005 max_time=1.0 calibration_precision=10 warmup=False warmup_iterations=100000)
rootdir: /Users/nick/Projects/Kentucky/drug-extraction/python-lang, configfile: pyproject.toml, testpaths: tests
plugins: benchmark-3.4.1
collected 5 items

tests/test_str_sim.py .....                                              [100%]


---------------------------------------------------------------------------------------------- benchmark: 5 tests ---------------------------------------------------------------------------------------------
Name (time in us)                              Min                Max               Mean            StdDev             Median               IQR            Outliers  OPS (Kops/s)            Rounds  Iterations
---------------------------------------------------------------------------------------------------------------------------------------------------------------------------------------------------------------
test_sorensen_dice_distance                 4.0812 (1.0)       4.0812 (1.0)       4.0812 (1.0)      0.0000 (1.0)       4.0812 (1.0)      0.0000 (1.0)           0;0      245.0279 (1.0)           1     1000000
test_jarowinkler_distance                   5.7934 (1.42)      5.7934 (1.42)      5.7934 (1.42)     0.0000 (1.0)       5.7934 (1.42)     0.0000 (1.0)           0;0      172.6111 (0.70)          1     1000000
test_levenshtein_distance                  15.5403 (3.81)     15.5403 (3.81)     15.5403 (3.81)     0.0000 (1.0)      15.5403 (3.81)     0.0000 (1.0)           0;0       64.3489 (0.26)          1     1000000
test_optimal_string_alignment_distance     26.7401 (6.55)     26.7401 (6.55)     26.7401 (6.55)     0.0000 (1.0)      26.7401 (6.55)     0.0000 (1.0)           0;0       37.3970 (0.15)          1     1000000
test_damerau_distance                      39.4733 (9.67)     39.4733 (9.67)     39.4733 (9.67)     0.0000 (1.0)      39.4733 (9.67)     0.0000 (1.0)           0;0       25.3336 (0.10)          1     1000000
---------------------------------------------------------------------------------------------------------------------------------------------------------------------------------------------------------------

Legend:
  Outliers: 1 Standard Deviation from Mean; 1.5 IQR (InterQuartile Range) from 1st Quartile and 3rd Quartile.
  OPS: Operations Per Second, computed as 1 / Mean
========================= 5 passed in 91.68s (0:01:31) =========================
